2021-08-15 16:33:29,599 - instabot version: 0.117.0 (bot) - INFO - Instabot version: 0.117.0 Started
2021-08-15 16:33:29,599 - instabot version: 0.117.0 (bot) - DEBUG - Bot imported from C:\Users\Vicky\AppData\Local\Programs\Python\Python39\lib\site-packages\instabot\bot\bot.py
2021-08-15 16:33:33,501 - instabot version: 0.117.0 (api_login) - INFO - Not yet logged in starting: PRE-LOGIN FLOW!
2021-08-15 16:33:34,406 - instabot version: 0.117.0 (api) - DEBUG - POST to endpoint: accounts/get_prefill_candidates/ returned response: <Response [200]>
2021-08-15 16:33:35,229 - instabot version: 0.117.0 (api) - DEBUG - POST to endpoint: qe/sync/ returned response: <Response [200]>
2021-08-15 16:33:35,845 - instabot version: 0.117.0 (api) - DEBUG - POST to endpoint: launcher/sync/ returned response: <Response [200]>
2021-08-15 16:33:36,875 - instabot version: 0.117.0 (api) - DEBUG - POST to endpoint: accounts/contact_point_prefill/ returned response: <Response [200]>
2021-08-15 16:33:39,066 - instabot version: 0.117.0 (api) - DEBUG - POST to endpoint: accounts/login/ returned response: <Response [200]>
2021-08-15 16:33:39,074 - instabot version: 0.117.0 (api) - INFO - Logged-in successfully as 'oye.vicks'!
2021-08-15 16:33:39,074 - instabot version: 0.117.0 (api_login) - INFO - LOGIN FLOW! Just logged-in: True
2021-08-15 16:33:39,734 - instabot version: 0.117.0 (api) - DEBUG - POST to endpoint: qe/sync/ returned response: <Response [200]>
2021-08-15 16:33:40,453 - instabot version: 0.117.0 (api) - DEBUG - POST to endpoint: launcher/sync/ returned response: <Response [200]>
2021-08-15 16:33:41,068 - instabot version: 0.117.0 (api) - DEBUG - GET to endpoint: zr/token/result/?device_id=android-23ded395520d92e1&token_hash=&custom_device_id=android-23ded395520d92e1&fetch_reason=token_expired returned response: <Response [200]>
2021-08-15 16:33:41,994 - instabot version: 0.117.0 (api) - DEBUG - GET to endpoint: multiple_accounts/get_account_family/ returned response: <Response [200]>
2021-08-15 16:33:42,628 - instabot version: 0.117.0 (api) - DEBUG - POST to endpoint: qe/sync/ returned response: <Response [200]>
2021-08-15 16:33:44,346 - instabot version: 0.117.0 (api) - DEBUG - GET to endpoint: igtv/browse_feed/?prefetch=1 returned response: <Response [200]>
2021-08-15 16:33:45,076 - instabot version: 0.117.0 (api) - DEBUG - POST to endpoint: creatives/ar_class/ returned response: <Response [200]>
2021-08-15 16:33:46,594 - instabot version: 0.117.0 (api) - DEBUG - POST to endpoint: feed/reels_tray/ returned response: <Response [200]>
2021-08-15 16:33:48,579 - instabot version: 0.117.0 (api) - DEBUG - POST to endpoint: feed/timeline/ returned response: <Response [200]>
2021-08-15 16:33:49,466 - instabot version: 0.117.0 (api) - DEBUG - GET to endpoint: media/blocked/ returned response: <Response [200]>
2021-08-15 16:33:51,001 - instabot version: 0.117.0 (api) - DEBUG - GET to endpoint: news/inbox/ returned response: <Response [200]>
2021-08-15 16:33:51,817 - instabot version: 0.117.0 (api) - DEBUG - GET to endpoint: loom/fetch_config/ returned response: <Response [200]>
2021-08-15 16:33:52,947 - instabot version: 0.117.0 (api) - DEBUG - GET to endpoint: scores/bootstrap/users/?surfaces=["autocomplete_user_list","coefficient_besties_list_ranking","coefficient_rank_recipient_user_suggestion","coefficient_ios_section_test_bootstrap_ranking","coefficient_direct_recipients_ranking_variant_2"] returned response: <Response [200]>
2021-08-15 16:33:53,541 - instabot version: 0.117.0 (api) - DEBUG - GET to endpoint: business/eligibility/get_monetization_products_eligibility_data/?product_types=branded_content returned response: <Response [200]>
2021-08-15 16:33:54,161 - instabot version: 0.117.0 (api) - DEBUG - GET to endpoint: business/branded_content/should_require_professional_account/ returned response: <Response [200]>
2021-08-15 16:33:54,715 - instabot version: 0.117.0 (api) - DEBUG - GET to endpoint: linked_accounts/get_linkage_status/ returned response: <Response [200]>
2021-08-15 16:34:15,756 - instabot version: 0.117.0 (api) - WARNING - HTTPSConnectionPool(host='i.instagram.com', port=443): Max retries exceeded with url: /api/v1/locations/request_country/ (Caused by NewConnectionError('<urllib3.connection.HTTPSConnection object at 0x000001FC2C17B610>: Failed to establish a new connection: [WinError 10060] A connection attempt failed because the connected party did not properly respond after a period of time, or established connection failed because connected host has failed to respond'))
2021-08-15 16:34:36,790 - instabot version: 0.117.0 (api) - WARNING - HTTPSConnectionPool(host='i.instagram.com', port=443): Max retries exceeded with url: /api/v1/qp/get_cooldowns/?signed_body=signed_body=4b9c516a5410a3bc128e09c6104a7f042146b9c2023870560c63a43a7f66781c.4&ig_sig_key_version=4&ig_sig_key_version=4 (Caused by NewConnectionError('<urllib3.connection.HTTPSConnection object at 0x000001FC2C1B79D0>: Failed to establish a new connection: [WinError 10060] A connection attempt failed because the connected party did not properly respond after a period of time, or established connection failed because connected host has failed to respond'))
2021-08-15 16:34:57,947 - instabot version: 0.117.0 (api) - WARNING - HTTPSConnectionPool(host='i.instagram.com', port=443): Max retries exceeded with url: /api/v1/users/arlink_download_info/?version_override=2.2.1 (Caused by NewConnectionError('<urllib3.connection.HTTPSConnection object at 0x000001FC2C1EB1C0>: Failed to establish a new connection: [WinError 10060] A connection attempt failed because the connected party did not properly respond after a period of time, or established connection failed because connected host has failed to respond'))
2021-08-15 16:34:58,857 - instabot version: 0.117.0 (api) - DEBUG - GET to endpoint: users/45213970613/info/ returned response: <Response [200]>
2021-08-15 16:35:00,069 - instabot version: 0.117.0 (api) - DEBUG - GET to endpoint: direct_v2/get_presence/ returned response: <Response [200]>
2021-08-15 16:35:01,435 - instabot version: 0.117.0 (api) - DEBUG - GET to endpoint: direct_v2/inbox/?visual_message_return_type=unseen&thread_message_limit=10&persistentBadging=true&limit=20 returned response: <Response [200]>
2021-08-15 16:35:02,368 - instabot version: 0.117.0 (api) - DEBUG - GET to endpoint: direct_v2/inbox/?visual_message_return_type=unseen&persistentBadging=true&limit=0 returned response: <Response [200]>
2021-08-15 16:35:03,192 - instabot version: 0.117.0 (api) - DEBUG - GET to endpoint: discover/topical_explore/?is_prefetch=true&omit_cover_media=true&use_sectional_payload=true&timezone_offset=0&session_id=6ebc38df-721c-408e-8ad4-1b5f507f1213&include_fixed_destinations=true returned response: <Response [200]>
2021-08-15 16:35:03,905 - instabot version: 0.117.0 (api) - DEBUG - POST to endpoint: notifications/badge/ returned response: <Response [200]>
2021-08-15 16:35:05,041 - instabot version: 0.117.0 (api) - DEBUG - POST to endpoint: qp/batch_fetch/ returned response: <Response [200]>
2021-08-15 16:35:05,049 - instabot version: 0.117.0 (bot_checkpoint) - DEBUG - Loading Checkpoint file from: C:\Users\Vicky\Desktop\Repository\Auto-Upload-Photo-on-Instagram/config/oye.vicks.checkpoint
2021-08-15 16:35:28,795 - instabot version: 0.117.0 (api) - DEBUG - POST to endpoint: media/configure/? returned response: <Response [200]>
2021-08-15 16:35:30,541 - instabot version: 0.117.0 (api) - DEBUG - POST to endpoint: qe/expose/ returned response: <Response [200]>
2021-08-15 16:35:30,548 - instabot version: 0.117.0 (bot_photo) - INFO - Photo 'toupload/o bhai.jpeg.jpeg' is uploaded.
2021-08-15 16:35:54,797 - instabot version: 0.117.0 (api) - DEBUG - POST to endpoint: media/configure/? returned response: <Response [200]>
2021-08-15 16:35:55,510 - instabot version: 0.117.0 (api) - DEBUG - POST to endpoint: qe/expose/ returned response: <Response [200]>
2021-08-15 16:35:55,518 - instabot version: 0.117.0 (bot_photo) - INFO - Photo 'toupload/rotated.png.jpeg' is uploaded.
2021-08-15 16:35:55,518 - instabot version: 0.117.0 (bot_checkpoint) - DEBUG - Saving Checkpoint file to: C:\Users\Vicky\Desktop\Repository\Auto-Upload-Photo-on-Instagram/config/oye.vicks.checkpoint
2021-08-15 16:35:55,518 - instabot version: 0.117.0 (bot) - INFO - Total requests: 35
